2020-08-02 15:52:57,971:INFO:PyCaret Classification Module
2020-08-02 15:52:57,980:INFO:version 2.0
2020-08-02 15:52:57,980:INFO:Initializing setup()
2020-08-02 15:52:57,981:INFO:USI: f41a
2020-08-02 15:52:57,981:INFO:setup(data=(400277, 2), target=target, train_size=0.7, sampling=True, sample_estimator=None, categorical_features=None, categorical_imputation=constant, ordinal_features=None,
                    high_cardinality_features=None, high_cardinality_method=frequency, numeric_features=None, numeric_imputation=mean, date_features=None, ignore_features=None, normalize=False,
                    normalize_method=zscore, transformation=False, transformation_method=yeo-johnson, handle_unknown_categorical=True, unknown_categorical_method=least_frequent, pca=False, pca_method=linear,
                    pca_components=None, ignore_low_variance=False, combine_rare_levels=False, rare_level_threshold=0.1, bin_numeric_features=['predictor'], remove_outliers=False, outliers_threshold=0.05,
                    remove_multicollinearity=False, multicollinearity_threshold=0.9, remove_perfect_collinearity=False, create_clusters=False, cluster_iter=20,
                    polynomial_features=False, polynomial_degree=2, trigonometry_features=False, polynomial_threshold=0.1, group_features=None,
                    group_names=None, feature_selection=False, feature_selection_threshold=0.8, feature_interaction=False, feature_ratio=False, interaction_threshold=0.01,
                    fix_imbalance=False, fix_imbalance_method=None, data_split_shuffle=True, folds_shuffle=False, n_jobs=-1, html=True, session_id=None, log_experiment=False,
                    experiment_name=None, log_plots=False, log_profile=False, log_data=False, silent=False, verbose=True, profile=False)
2020-08-02 15:52:57,981:INFO:Checking environment
2020-08-02 15:52:57,982:INFO:python_version: 3.7.7
2020-08-02 15:52:57,982:INFO:python_build: ('default', 'Mar 23 2020 23:19:08')
2020-08-02 15:52:57,982:INFO:machine: AMD64
2020-08-02 15:52:57,982:INFO:platform: Windows-10-10.0.18362-SP0
2020-08-02 15:52:57,982:INFO:Memory: svmem(total=8461193216, available=2824323072, percent=66.6, used=5636870144, free=2824323072)
2020-08-02 15:52:57,982:INFO:Physical Core: 4
2020-08-02 15:52:57,982:INFO:Logical Core: 8
2020-08-02 15:52:57,982:INFO:Checking libraries
2020-08-02 15:52:57,982:INFO:pd==1.0.3
2020-08-02 15:52:57,982:INFO:numpy==1.18.1
2020-08-02 15:52:57,982:INFO:sklearn==0.22.1
2020-08-02 15:52:58,132:INFO:xgboost==0.90
2020-08-02 15:52:58,213:INFO:lightgbm==2.3.1
2020-08-02 15:52:58,316:INFO:catboost==0.23.2
2020-08-02 15:53:01,863:INFO:mlflow==1.10.0
2020-08-02 15:53:01,863:INFO:Checking Exceptions
2020-08-02 15:53:01,863:INFO:Preloading libraries
2020-08-02 15:53:01,863:INFO:Preparing display monitor
2020-08-02 15:53:01,924:INFO:Importing libraries
2020-08-02 15:53:03,197:INFO:Copying data for preprocessing
2020-08-02 15:53:03,210:INFO:Declaring global variables
2020-08-02 15:53:03,219:INFO:Declaring preprocessing parameters
2020-08-02 15:53:03,219:INFO:Importing preprocessing module
2020-08-02 15:54:10,274:INFO:PyCaret Classification Module
2020-08-02 15:54:10,274:INFO:version 2.0
2020-08-02 15:54:10,274:INFO:Initializing setup()
2020-08-02 15:54:10,274:INFO:USI: d6b5
2020-08-02 15:54:10,274:INFO:setup(data=(400277, 2), target=target, train_size=0.7, sampling=True, sample_estimator=None, categorical_features=None, categorical_imputation=constant, ordinal_features=None,
                    high_cardinality_features=None, high_cardinality_method=frequency, numeric_features=None, numeric_imputation=mean, date_features=None, ignore_features=None, normalize=False,
                    normalize_method=zscore, transformation=False, transformation_method=yeo-johnson, handle_unknown_categorical=True, unknown_categorical_method=least_frequent, pca=False, pca_method=linear,
                    pca_components=None, ignore_low_variance=False, combine_rare_levels=False, rare_level_threshold=0.1, bin_numeric_features=['predictor'], remove_outliers=False, outliers_threshold=0.05,
                    remove_multicollinearity=False, multicollinearity_threshold=0.9, remove_perfect_collinearity=False, create_clusters=False, cluster_iter=20,
                    polynomial_features=False, polynomial_degree=2, trigonometry_features=False, polynomial_threshold=0.1, group_features=None,
                    group_names=None, feature_selection=False, feature_selection_threshold=0.8, feature_interaction=False, feature_ratio=False, interaction_threshold=0.01,
                    fix_imbalance=False, fix_imbalance_method=None, data_split_shuffle=True, folds_shuffle=False, n_jobs=-1, html=True, session_id=None, log_experiment=False,
                    experiment_name=None, log_plots=False, log_profile=False, log_data=False, silent=False, verbose=True, profile=False)
2020-08-02 15:54:10,274:INFO:Checking environment
2020-08-02 15:54:10,274:INFO:python_version: 3.7.7
2020-08-02 15:54:10,274:INFO:python_build: ('default', 'Mar 23 2020 23:19:08')
2020-08-02 15:54:10,274:INFO:machine: AMD64
2020-08-02 15:54:10,274:INFO:platform: Windows-10-10.0.18362-SP0
2020-08-02 15:54:10,274:INFO:Memory: svmem(total=8461193216, available=2552901632, percent=69.8, used=5908291584, free=2552901632)
2020-08-02 15:54:10,274:INFO:Physical Core: 4
2020-08-02 15:54:10,278:INFO:Logical Core: 8
2020-08-02 15:54:10,278:INFO:Checking libraries
2020-08-02 15:54:10,278:INFO:pd==1.0.3
2020-08-02 15:54:10,278:INFO:numpy==1.18.1
2020-08-02 15:54:10,278:INFO:sklearn==0.22.1
2020-08-02 15:54:10,278:INFO:xgboost==0.90
2020-08-02 15:54:10,278:INFO:lightgbm==2.3.1
2020-08-02 15:54:10,278:INFO:catboost==0.23.2
2020-08-02 15:54:10,279:INFO:mlflow==1.10.0
2020-08-02 15:54:10,279:INFO:Checking Exceptions
2020-08-02 15:54:10,279:INFO:Preloading libraries
2020-08-02 15:54:10,279:INFO:Preparing display monitor
2020-08-02 15:54:10,313:INFO:Importing libraries
2020-08-02 15:54:10,330:INFO:Copying data for preprocessing
2020-08-02 15:54:10,339:INFO:Declaring global variables
2020-08-02 15:54:10,345:INFO:Declaring preprocessing parameters
2020-08-02 15:54:10,345:INFO:Importing preprocessing module
2020-08-03 07:30:12,595:INFO:PyCaret Classification Module
2020-08-03 07:30:12,596:INFO:version 2.0
2020-08-03 07:30:12,596:INFO:Initializing setup()
2020-08-03 07:30:12,596:INFO:USI: e599
2020-08-03 07:30:12,596:INFO:setup(data=(400277, 2), target=target, train_size=0.7, sampling=True, sample_estimator=None, categorical_features=None, categorical_imputation=constant, ordinal_features=None,
                    high_cardinality_features=None, high_cardinality_method=frequency, numeric_features=None, numeric_imputation=mean, date_features=None, ignore_features=None, normalize=False,
                    normalize_method=zscore, transformation=False, transformation_method=yeo-johnson, handle_unknown_categorical=True, unknown_categorical_method=least_frequent, pca=False, pca_method=linear,
                    pca_components=None, ignore_low_variance=False, combine_rare_levels=False, rare_level_threshold=0.1, bin_numeric_features=['predictor'], remove_outliers=False, outliers_threshold=0.05,
                    remove_multicollinearity=False, multicollinearity_threshold=0.9, remove_perfect_collinearity=False, create_clusters=False, cluster_iter=20,
                    polynomial_features=False, polynomial_degree=2, trigonometry_features=False, polynomial_threshold=0.1, group_features=None,
                    group_names=None, feature_selection=False, feature_selection_threshold=0.8, feature_interaction=False, feature_ratio=False, interaction_threshold=0.01,
                    fix_imbalance=False, fix_imbalance_method=None, data_split_shuffle=True, folds_shuffle=False, n_jobs=-1, html=True, session_id=None, log_experiment=False,
                    experiment_name=None, log_plots=False, log_profile=False, log_data=False, silent=False, verbose=True, profile=False)
2020-08-03 07:30:12,596:INFO:Checking environment
2020-08-03 07:30:12,596:INFO:python_version: 3.7.7
2020-08-03 07:30:12,596:INFO:python_build: ('default', 'Mar 23 2020 23:19:08')
2020-08-03 07:30:12,596:INFO:machine: AMD64
2020-08-03 07:30:12,596:INFO:platform: Windows-10-10.0.18362-SP0
2020-08-03 07:30:12,612:INFO:Memory: svmem(total=8461193216, available=3222179840, percent=61.9, used=5239013376, free=3222179840)
2020-08-03 07:30:12,612:INFO:Physical Core: 4
2020-08-03 07:30:12,612:INFO:Logical Core: 8
2020-08-03 07:30:12,612:INFO:Checking libraries
2020-08-03 07:30:12,612:INFO:pd==1.0.3
2020-08-03 07:30:12,612:INFO:numpy==1.18.1
2020-08-03 07:30:14,288:INFO:sklearn==0.23.1
2020-08-03 07:30:14,566:INFO:xgboost==0.90
2020-08-03 07:30:14,634:INFO:lightgbm==2.3.1
2020-08-03 07:30:14,971:INFO:catboost==0.23.2
2020-08-03 07:30:19,117:INFO:mlflow==1.10.0
2020-08-03 07:30:19,117:INFO:Checking Exceptions
2020-08-03 07:30:19,117:INFO:Preloading libraries
2020-08-03 07:30:19,117:INFO:Preparing display monitor
2020-08-03 07:30:19,160:INFO:Importing libraries
2020-08-03 07:30:20,841:INFO:Copying data for preprocessing
2020-08-03 07:30:20,852:INFO:Declaring global variables
2020-08-03 07:30:20,868:INFO:Declaring preprocessing parameters
2020-08-03 07:30:20,869:INFO:Importing preprocessing module
2020-08-03 07:30:23,021:INFO:Creating preprocessing pipeline
2020-08-03 07:30:45,389:INFO:Preprocessing pipeline created successfully
2020-08-03 07:30:45,389:INFO:Creating grid variables
2020-08-03 07:30:45,398:INFO:Creating global containers
2020-08-03 07:30:45,484:INFO:Sampling dataset
2020-08-03 07:36:31,096:INFO:create_model_container 0
2020-08-03 07:36:31,096:INFO:master_model_container 0
2020-08-03 07:36:31,096:INFO:display_container 0
2020-08-03 07:36:31,116:INFO:Pipeline(memory=None,
         steps=[('dtypes',
                 DataTypes_Auto_infer(categorical_features=[],
                                      display_types=True, features_todrop=[],
                                      ml_usecase='classification',
                                      numerical_features=[], target='target',
                                      time_features=[])),
                ('imputer',
                 Simple_Imputer(categorical_strategy='not_available',
                                numeric_strategy='mean',
                                target_variable=None)),
                ('new_levels1',
                 New_Catagorical_Lev...
                ('group', Empty()), ('nonliner', Empty()), ('scaling', Empty()),
                ('P_transform', Empty()), ('pt_target', Empty()),
                ('binn', Binning(features_to_discretize=['predictor'])),
                ('rem_outliers', Empty()), ('cluster_all', Empty()),
                ('dummy', Dummify(target='target')), ('fix_perfect', Empty()),
                ('clean_names', Clean_Colum_Names()),
                ('feature_select', Empty()), ('fix_multi', Empty()),
                ('dfs', Empty()), ('pca', Empty())],
         verbose=False)
2020-08-03 07:36:31,124:INFO:setup() succesfully completed......................................
2020-08-03 07:40:10,797:INFO:PyCaret Classification Module
2020-08-03 07:40:10,797:INFO:version 2.0
2020-08-03 07:40:10,797:INFO:Initializing setup()
2020-08-03 07:40:10,797:INFO:USI: a621
2020-08-03 07:40:10,797:INFO:setup(data=(400277, 2), target=target, train_size=0.7, sampling=True, sample_estimator=None, categorical_features=None, categorical_imputation=constant, ordinal_features=None,
                    high_cardinality_features=None, high_cardinality_method=frequency, numeric_features=None, numeric_imputation=mean, date_features=None, ignore_features=None, normalize=False,
                    normalize_method=zscore, transformation=False, transformation_method=yeo-johnson, handle_unknown_categorical=True, unknown_categorical_method=least_frequent, pca=False, pca_method=linear,
                    pca_components=None, ignore_low_variance=False, combine_rare_levels=False, rare_level_threshold=0.1, bin_numeric_features=['predictor'], remove_outliers=False, outliers_threshold=0.05,
                    remove_multicollinearity=False, multicollinearity_threshold=0.9, remove_perfect_collinearity=False, create_clusters=False, cluster_iter=20,
                    polynomial_features=False, polynomial_degree=2, trigonometry_features=False, polynomial_threshold=0.1, group_features=None,
                    group_names=None, feature_selection=False, feature_selection_threshold=0.8, feature_interaction=False, feature_ratio=False, interaction_threshold=0.01,
                    fix_imbalance=False, fix_imbalance_method=None, data_split_shuffle=True, folds_shuffle=False, n_jobs=-1, html=True, session_id=None, log_experiment=False,
                    experiment_name=None, log_plots=False, log_profile=False, log_data=False, silent=False, verbose=True, profile=False)
2020-08-03 07:40:10,797:INFO:Checking environment
2020-08-03 07:40:10,797:INFO:python_version: 3.7.7
2020-08-03 07:40:10,797:INFO:python_build: ('default', 'Mar 23 2020 23:19:08')
2020-08-03 07:40:10,797:INFO:machine: AMD64
2020-08-03 07:40:10,797:INFO:platform: Windows-10-10.0.18362-SP0
2020-08-03 07:40:10,797:INFO:Memory: svmem(total=8461193216, available=3117371392, percent=63.2, used=5343821824, free=3117371392)
2020-08-03 07:40:10,797:INFO:Physical Core: 4
2020-08-03 07:40:10,797:INFO:Logical Core: 8
2020-08-03 07:40:10,797:INFO:Checking libraries
2020-08-03 07:40:10,797:INFO:pd==1.0.3
2020-08-03 07:40:10,797:INFO:numpy==1.18.1
2020-08-03 07:40:10,797:INFO:sklearn==0.23.1
2020-08-03 07:40:10,797:INFO:xgboost==0.90
2020-08-03 07:40:10,797:INFO:lightgbm==2.3.1
2020-08-03 07:40:10,797:INFO:catboost==0.23.2
2020-08-03 07:40:10,797:INFO:mlflow==1.10.0
2020-08-03 07:40:10,797:INFO:Checking Exceptions
2020-08-03 07:40:10,797:INFO:Preloading libraries
2020-08-03 07:40:10,797:INFO:Preparing display monitor
2020-08-03 07:40:10,810:INFO:Importing libraries
2020-08-03 07:40:10,816:INFO:Copying data for preprocessing
2020-08-03 07:40:10,816:INFO:Declaring global variables
2020-08-03 07:40:10,826:INFO:Declaring preprocessing parameters
2020-08-03 07:40:10,826:INFO:Importing preprocessing module
2020-08-03 07:40:10,829:INFO:Creating preprocessing pipeline
2020-08-03 07:40:21,410:INFO:Preprocessing pipeline created successfully
2020-08-03 07:40:21,410:INFO:Creating grid variables
2020-08-03 07:40:21,415:INFO:Creating global containers
2020-08-03 07:40:21,472:INFO:Sampling dataset
2020-08-03 07:44:27,213:INFO:create_model_container 0
2020-08-03 07:44:27,213:INFO:master_model_container 0
2020-08-03 07:44:27,214:INFO:display_container 0
2020-08-03 07:44:27,222:INFO:Pipeline(memory=None,
         steps=[('dtypes',
                 DataTypes_Auto_infer(categorical_features=[],
                                      display_types=True, features_todrop=[],
                                      ml_usecase='classification',
                                      numerical_features=[], target='target',
                                      time_features=[])),
                ('imputer',
                 Simple_Imputer(categorical_strategy='not_available',
                                numeric_strategy='mean',
                                target_variable=None)),
                ('new_levels1',
                 New_Catagorical_Lev...
                ('group', Empty()), ('nonliner', Empty()), ('scaling', Empty()),
                ('P_transform', Empty()), ('pt_target', Empty()),
                ('binn', Binning(features_to_discretize=['predictor'])),
                ('rem_outliers', Empty()), ('cluster_all', Empty()),
                ('dummy', Dummify(target='target')), ('fix_perfect', Empty()),
                ('clean_names', Clean_Colum_Names()),
                ('feature_select', Empty()), ('fix_multi', Empty()),
                ('dfs', Empty()), ('pca', Empty())],
         verbose=False)
2020-08-03 07:44:27,222:INFO:setup() succesfully completed......................................
2020-08-03 08:35:03,974:INFO:PyCaret Classification Module
2020-08-03 08:35:03,974:INFO:version 2.0
2020-08-03 08:35:03,974:INFO:Initializing setup()
2020-08-03 08:35:03,974:INFO:USI: 9d72
2020-08-03 08:35:03,974:INFO:setup(data=(400277, 2), target=target, train_size=0.7, sampling=True, sample_estimator=None, categorical_features=None, categorical_imputation=constant, ordinal_features=None,
                    high_cardinality_features=None, high_cardinality_method=frequency, numeric_features=None, numeric_imputation=mean, date_features=None, ignore_features=None, normalize=False,
                    normalize_method=zscore, transformation=False, transformation_method=yeo-johnson, handle_unknown_categorical=True, unknown_categorical_method=least_frequent, pca=False, pca_method=linear,
                    pca_components=None, ignore_low_variance=False, combine_rare_levels=False, rare_level_threshold=0.1, bin_numeric_features=['predictor'], remove_outliers=False, outliers_threshold=0.05,
                    remove_multicollinearity=False, multicollinearity_threshold=0.9, remove_perfect_collinearity=False, create_clusters=False, cluster_iter=20,
                    polynomial_features=False, polynomial_degree=2, trigonometry_features=False, polynomial_threshold=0.1, group_features=None,
                    group_names=None, feature_selection=False, feature_selection_threshold=0.8, feature_interaction=False, feature_ratio=False, interaction_threshold=0.01,
                    fix_imbalance=False, fix_imbalance_method=None, data_split_shuffle=True, folds_shuffle=False, n_jobs=-1, html=True, session_id=None, log_experiment=False,
                    experiment_name=None, log_plots=False, log_profile=False, log_data=False, silent=False, verbose=True, profile=False)
2020-08-03 08:35:03,974:INFO:Checking environment
2020-08-03 08:35:03,974:INFO:python_version: 3.7.7
2020-08-03 08:35:03,974:INFO:python_build: ('default', 'Mar 23 2020 23:19:08')
2020-08-03 08:35:03,974:INFO:machine: AMD64
2020-08-03 08:35:03,974:INFO:platform: Windows-10-10.0.18362-SP0
2020-08-03 08:35:03,974:INFO:Memory: svmem(total=8461193216, available=3691261952, percent=56.4, used=4769931264, free=3691261952)
2020-08-03 08:35:03,974:INFO:Physical Core: 4
2020-08-03 08:35:03,974:INFO:Logical Core: 8
2020-08-03 08:35:03,974:INFO:Checking libraries
2020-08-03 08:35:03,974:INFO:pd==1.0.3
2020-08-03 08:35:03,974:INFO:numpy==1.18.1
2020-08-03 08:35:03,974:INFO:sklearn==0.23.1
2020-08-03 08:35:03,974:INFO:xgboost==0.90
2020-08-03 08:35:03,974:INFO:lightgbm==2.3.1
2020-08-03 08:35:03,974:INFO:catboost==0.23.2
2020-08-03 08:35:03,974:INFO:mlflow==1.10.0
2020-08-03 08:35:03,974:INFO:Checking Exceptions
2020-08-03 08:35:03,974:INFO:Preloading libraries
2020-08-03 08:35:03,974:INFO:Preparing display monitor
2020-08-03 08:35:04,001:INFO:Importing libraries
2020-08-03 08:35:04,013:INFO:Copying data for preprocessing
2020-08-03 08:35:04,017:INFO:Declaring global variables
2020-08-03 08:35:04,024:INFO:Declaring preprocessing parameters
2020-08-03 08:35:04,025:INFO:Importing preprocessing module
2020-08-03 08:35:04,025:INFO:Creating preprocessing pipeline
2020-08-03 08:35:10,723:INFO:Preprocessing pipeline created successfully
2020-08-03 08:35:10,723:INFO:Creating grid variables
2020-08-03 08:35:10,739:INFO:Creating global containers
2020-08-03 08:35:10,807:INFO:Sampling dataset
2020-08-03 08:41:07,048:INFO:PyCaret Classification Module
2020-08-03 08:41:07,049:INFO:version 2.0
2020-08-03 08:41:07,049:INFO:Initializing setup()
2020-08-03 08:41:07,049:INFO:USI: 38e0
2020-08-03 08:41:07,049:INFO:setup(data=(400277, 2), target=target, train_size=0.7, sampling=True, sample_estimator=None, categorical_features=None, categorical_imputation=constant, ordinal_features=None,
                    high_cardinality_features=None, high_cardinality_method=frequency, numeric_features=None, numeric_imputation=mean, date_features=None, ignore_features=None, normalize=False,
                    normalize_method=zscore, transformation=False, transformation_method=yeo-johnson, handle_unknown_categorical=True, unknown_categorical_method=least_frequent, pca=False, pca_method=linear,
                    pca_components=None, ignore_low_variance=False, combine_rare_levels=False, rare_level_threshold=0.1, bin_numeric_features=['predictor'], remove_outliers=False, outliers_threshold=0.05,
                    remove_multicollinearity=False, multicollinearity_threshold=0.9, remove_perfect_collinearity=False, create_clusters=False, cluster_iter=20,
                    polynomial_features=False, polynomial_degree=2, trigonometry_features=False, polynomial_threshold=0.1, group_features=None,
                    group_names=None, feature_selection=False, feature_selection_threshold=0.8, feature_interaction=False, feature_ratio=False, interaction_threshold=0.01,
                    fix_imbalance=False, fix_imbalance_method=None, data_split_shuffle=True, folds_shuffle=False, n_jobs=-1, html=True, session_id=None, log_experiment=False,
                    experiment_name=None, log_plots=False, log_profile=False, log_data=False, silent=False, verbose=True, profile=False)
2020-08-03 08:41:07,049:INFO:Checking environment
2020-08-03 08:41:07,049:INFO:python_version: 3.7.7
2020-08-03 08:41:07,050:INFO:python_build: ('default', 'Mar 23 2020 23:19:08')
2020-08-03 08:41:07,050:INFO:machine: AMD64
2020-08-03 08:41:07,050:INFO:platform: Windows-10-10.0.18362-SP0
2020-08-03 08:41:07,050:INFO:Memory: svmem(total=8461193216, available=3835826176, percent=54.7, used=4625367040, free=3835826176)
2020-08-03 08:41:07,050:INFO:Physical Core: 4
2020-08-03 08:41:07,050:INFO:Logical Core: 8
2020-08-03 08:41:07,051:INFO:Checking libraries
2020-08-03 08:41:07,051:INFO:pd==1.0.3
2020-08-03 08:41:07,051:INFO:numpy==1.18.1
2020-08-03 08:41:07,051:INFO:sklearn==0.23.1
2020-08-03 08:41:07,161:INFO:xgboost==0.90
2020-08-03 08:41:07,212:INFO:lightgbm==2.3.1
2020-08-03 08:41:07,342:INFO:catboost==0.23.2
2020-08-03 08:41:10,410:INFO:mlflow==1.10.0
2020-08-03 08:41:10,410:INFO:Checking Exceptions
2020-08-03 08:41:10,410:INFO:Preloading libraries
2020-08-03 08:41:10,410:INFO:Preparing display monitor
2020-08-03 08:41:10,452:INFO:Importing libraries
2020-08-03 08:41:11,661:INFO:Copying data for preprocessing
2020-08-03 08:41:11,673:INFO:Declaring global variables
2020-08-03 08:41:11,685:INFO:Declaring preprocessing parameters
2020-08-03 08:41:11,690:INFO:Importing preprocessing module
2020-08-03 08:41:12,851:INFO:Creating preprocessing pipeline
2020-08-03 08:41:17,117:INFO:Preprocessing pipeline created successfully
2020-08-03 08:41:17,117:INFO:Creating grid variables
2020-08-03 08:41:17,133:INFO:Creating global containers
2020-08-03 08:41:17,218:INFO:Sampling dataset
2020-08-03 08:52:40,608:INFO:create_model_container 0
2020-08-03 08:52:40,612:INFO:master_model_container 0
2020-08-03 08:52:40,612:INFO:display_container 0
2020-08-03 08:52:40,625:INFO:Pipeline(memory=None,
         steps=[('dtypes',
                 DataTypes_Auto_infer(categorical_features=[],
                                      display_types=True, features_todrop=[],
                                      ml_usecase='classification',
                                      numerical_features=[], target='target',
                                      time_features=[])),
                ('imputer',
                 Simple_Imputer(categorical_strategy='not_available',
                                numeric_strategy='mean',
                                target_variable=None)),
                ('new_levels1',
                 New_Catagorical_Lev...
                ('group', Empty()), ('nonliner', Empty()), ('scaling', Empty()),
                ('P_transform', Empty()), ('pt_target', Empty()),
                ('binn', Binning(features_to_discretize=['predictor'])),
                ('rem_outliers', Empty()), ('cluster_all', Empty()),
                ('dummy', Dummify(target='target')), ('fix_perfect', Empty()),
                ('clean_names', Clean_Colum_Names()),
                ('feature_select', Empty()), ('fix_multi', Empty()),
                ('dfs', Empty()), ('pca', Empty())],
         verbose=False)
2020-08-03 08:52:40,626:INFO:setup() succesfully completed......................................
